{"line_number":34,"class":"it.example.test.app.AppTest","@version":1,"source_host":"syt14236","message":"This is executed before each Test","thread_name":"main","@timestamp":"2019-01-08T14:56:53.434+01:00","level":"INFO","file":"AppTest.java","method":"beforeEachTest","logger_name":"it.example.test.app.AppTest"}
{"line_number":45,"class":"it.example.test.app.AppTest","@version":1,"source_host":"syt14236","message":"testIdGenerator() method called.","thread_name":"main","@timestamp":"2019-01-08T14:56:53.449+01:00","level":"INFO","file":"AppTest.java","method":"testIdGenerator","logger_name":"it.example.test.app.AppTest"}
{"line_number":51,"class":"it.example.test.app.AppTest","@version":1,"source_host":"syt14236","message":"ID = [0063170097361016832613424381944052687309]","thread_name":"main","@timestamp":"2019-01-08T14:56:53.654+01:00","level":"INFO","file":"AppTest.java","method":"testIdGenerator","logger_name":"it.example.test.app.AppTest"}
{"line_number":39,"class":"it.example.test.app.AppTest","@version":1,"source_host":"syt14236","message":"This is executed after each Test","thread_name":"main","@timestamp":"2019-01-08T14:56:53.654+01:00","level":"INFO","file":"AppTest.java","method":"afterEachTest","logger_name":"it.example.test.app.AppTest"}
{"line_number":64,"class":"it.example.app.App","@version":1,"source_host":"syt14236","message":"URL requested: /search ","thread_name":"qtp1386023727-32","@timestamp":"2019-01-08T14:58:09.992+01:00","level":"INFO","file":"App.java","method":"lambda$1","logger_name":"it.example.app.App"}
{"line_number":109,"class":"it.example.app.App","@version":1,"source_host":"syt14236","message":"Display homepage","thread_name":"qtp1386023727-32","@timestamp":"2019-01-08T14:58:10.027+01:00","level":"INFO","file":"App.java","method":"lambda$1","logger_name":"it.example.app.App"}
{"line_number":64,"class":"it.example.app.App","@version":1,"source_host":"syt14236","message":"URL requested: /search ","thread_name":"qtp1386023727-34","@timestamp":"2019-01-08T14:58:13.733+01:00","level":"INFO","file":"App.java","method":"lambda$1","logger_name":"it.example.app.App"}
{"line_number":109,"class":"it.example.app.App","@version":1,"source_host":"syt14236","message":"Display homepage","thread_name":"qtp1386023727-34","@timestamp":"2019-01-08T14:58:13.736+01:00","level":"INFO","file":"App.java","method":"lambda$1","logger_name":"it.example.app.App"}
{"line_number":118,"class":"it.example.app.App","@version":1,"source_host":"syt14236","message":"URL requested: /add ","thread_name":"qtp1386023727-35","@timestamp":"2019-01-08T14:58:15.617+01:00","level":"INFO","file":"App.java","method":"lambda$2","logger_name":"it.example.app.App"}
{"line_number":64,"class":"it.example.app.App","@version":1,"source_host":"syt14236","message":"URL requested: /search ","thread_name":"qtp1386023727-33","@timestamp":"2019-01-08T14:58:18.143+01:00","level":"INFO","file":"App.java","method":"lambda$1","logger_name":"it.example.app.App"}
{"line_number":109,"class":"it.example.app.App","@version":1,"source_host":"syt14236","message":"Display homepage","thread_name":"qtp1386023727-33","@timestamp":"2019-01-08T14:58:18.153+01:00","level":"INFO","file":"App.java","method":"lambda$1","logger_name":"it.example.app.App"}
{"line_number":64,"class":"it.example.app.App","@version":1,"source_host":"syt14236","message":"URL requested: /search ","thread_name":"qtp1386023727-36","@timestamp":"2019-01-08T14:59:50.023+01:00","level":"INFO","file":"App.java","method":"lambda$1","logger_name":"it.example.app.App"}
{"line_number":109,"class":"it.example.app.App","@version":1,"source_host":"syt14236","message":"Display homepage","thread_name":"qtp1386023727-36","@timestamp":"2019-01-08T14:59:50.041+01:00","level":"INFO","file":"App.java","method":"lambda$1","logger_name":"it.example.app.App"}
{"line_number":46,"class":"it.example.app.App","@version":1,"source_host":"syt14236","message":"URL requested: / ","thread_name":"qtp514935268-33","@timestamp":"2019-01-08T17:00:32.439+01:00","level":"INFO","file":"App.java","method":"lambda$0","logger_name":"it.example.app.App"}
{"line_number":56,"class":"it.example.app.App","@version":1,"source_host":"syt14236","message":"Display homepage","thread_name":"qtp514935268-33","@timestamp":"2019-01-08T17:00:32.496+01:00","level":"INFO","file":"App.java","method":"lambda$0","logger_name":"it.example.app.App"}
{"line_number":64,"class":"it.example.app.App","@version":1,"source_host":"syt14236","message":"URL requested: /search ","thread_name":"qtp514935268-35","@timestamp":"2019-01-08T17:00:34.270+01:00","level":"INFO","file":"App.java","method":"lambda$1","logger_name":"it.example.app.App"}
{"line_number":109,"class":"it.example.app.App","@version":1,"source_host":"syt14236","message":"Display homepage","thread_name":"qtp514935268-35","@timestamp":"2019-01-08T17:00:34.354+01:00","level":"INFO","file":"App.java","method":"lambda$1","logger_name":"it.example.app.App"}
{"line_number":34,"class":"it.example.test.app.AppTest","@version":1,"source_host":"syt14236","message":"This is executed before each Test","thread_name":"main","@timestamp":"2019-01-08T17:01:41.489+01:00","level":"INFO","file":"AppTest.java","method":"beforeEachTest","logger_name":"it.example.test.app.AppTest"}
{"line_number":45,"class":"it.example.test.app.AppTest","@version":1,"source_host":"syt14236","message":"testIdGenerator() method called.","thread_name":"main","@timestamp":"2019-01-08T17:01:41.504+01:00","level":"INFO","file":"AppTest.java","method":"testIdGenerator","logger_name":"it.example.test.app.AppTest"}
{"line_number":51,"class":"it.example.test.app.AppTest","@version":1,"source_host":"syt14236","message":"ID = [0064146105157292665316292819317418261804]","thread_name":"main","@timestamp":"2019-01-08T17:01:41.707+01:00","level":"INFO","file":"AppTest.java","method":"testIdGenerator","logger_name":"it.example.test.app.AppTest"}
{"line_number":39,"class":"it.example.test.app.AppTest","@version":1,"source_host":"syt14236","message":"This is executed after each Test","thread_name":"main","@timestamp":"2019-01-08T17:01:41.707+01:00","level":"INFO","file":"AppTest.java","method":"afterEachTest","logger_name":"it.example.test.app.AppTest"}
{"line_number":64,"class":"it.example.app.App","@version":1,"source_host":"syt14236","message":"URL requested: /search ","thread_name":"qtp514935268-36","@timestamp":"2019-01-08T17:01:55.071+01:00","level":"INFO","file":"App.java","method":"lambda$1","logger_name":"it.example.app.App"}
{"line_number":109,"class":"it.example.app.App","@version":1,"source_host":"syt14236","message":"Display homepage","thread_name":"qtp514935268-36","@timestamp":"2019-01-08T17:01:55.087+01:00","level":"INFO","file":"App.java","method":"lambda$1","logger_name":"it.example.app.App"}
{"line_number":64,"class":"it.example.app.App","@version":1,"source_host":"syt14236","message":"URL requested: /search ","thread_name":"qtp514935268-32","@timestamp":"2019-01-08T17:01:58.179+01:00","level":"INFO","file":"App.java","method":"lambda$1","logger_name":"it.example.app.App"}
{"line_number":109,"class":"it.example.app.App","@version":1,"source_host":"syt14236","message":"Display homepage","thread_name":"qtp514935268-32","@timestamp":"2019-01-08T17:01:58.182+01:00","level":"INFO","file":"App.java","method":"lambda$1","logger_name":"it.example.app.App"}
{"line_number":64,"class":"it.example.app.App","@version":1,"source_host":"syt14236","message":"URL requested: /search ","thread_name":"qtp514935268-30","@timestamp":"2019-01-08T17:02:01.629+01:00","level":"INFO","file":"App.java","method":"lambda$1","logger_name":"it.example.app.App"}
{"line_number":109,"class":"it.example.app.App","@version":1,"source_host":"syt14236","message":"Display homepage","thread_name":"qtp514935268-30","@timestamp":"2019-01-08T17:02:01.637+01:00","level":"INFO","file":"App.java","method":"lambda$1","logger_name":"it.example.app.App"}
{"line_number":64,"class":"it.example.app.App","@version":1,"source_host":"syt14236","message":"URL requested: /search ","thread_name":"qtp514935268-36","@timestamp":"2019-01-08T17:02:04.975+01:00","level":"INFO","file":"App.java","method":"lambda$1","logger_name":"it.example.app.App"}
{"line_number":109,"class":"it.example.app.App","@version":1,"source_host":"syt14236","message":"Display homepage","thread_name":"qtp514935268-36","@timestamp":"2019-01-08T17:02:04.983+01:00","level":"INFO","file":"App.java","method":"lambda$1","logger_name":"it.example.app.App"}
{"line_number":64,"class":"it.example.app.App","@version":1,"source_host":"syt14236","message":"URL requested: /search ","thread_name":"qtp514935268-35","@timestamp":"2019-01-08T17:02:07.192+01:00","level":"INFO","file":"App.java","method":"lambda$1","logger_name":"it.example.app.App"}
{"line_number":109,"class":"it.example.app.App","@version":1,"source_host":"syt14236","message":"Display homepage","thread_name":"qtp514935268-35","@timestamp":"2019-01-08T17:02:07.208+01:00","level":"INFO","file":"App.java","method":"lambda$1","logger_name":"it.example.app.App"}
{"line_number":64,"class":"it.example.app.App","@version":1,"source_host":"syt14236","message":"URL requested: /search ","thread_name":"qtp514935268-29","@timestamp":"2019-01-08T17:02:09.038+01:00","level":"INFO","file":"App.java","method":"lambda$1","logger_name":"it.example.app.App"}
{"line_number":109,"class":"it.example.app.App","@version":1,"source_host":"syt14236","message":"Display homepage","thread_name":"qtp514935268-29","@timestamp":"2019-01-08T17:02:09.048+01:00","level":"INFO","file":"App.java","method":"lambda$1","logger_name":"it.example.app.App"}
